#
# A fatal error has been detected by the Java Runtime Environment:
#
#  SIGSEGV (0xb) at pc=0x00007f94727064a4, pid=7186, tid=7461
#
# JRE version: OpenJDK Runtime Environment (11.0.2+9) (build 11.0.2+9)
# Java VM: OpenJDK 64-Bit Server VM (11.0.2+9, mixed mode, tiered, compressed oops, g1 gc, linux-amd64)
# Problematic frame:
# C  [libc.so.6+0xbb4a4]
#
# Core dump will be written. Default location: Core dumps may be processed with "/usr/share/apport/apport %p %s %c %d %P" (or dumping to /home/samba/eclipse-workspace/FingerTech/core.7186)
#
# If you would like to submit a bug report, please visit:
#   http://bugreport.java.com/bugreport/crash.jsp
# The crash happened outside the Java Virtual Machine in native code.
# See problematic frame for where to report the bug.
#

---------------  S U M M A R Y ------------

Command Line: -Dcom.sun.management.jmxremote -Dcom.sun.management.jmxremote.port=41381 -Dcom.sun.management.jmxremote.authenticate=false -Dcom.sun.management.jmxremote.ssl=false -Djava.rmi.server.hostname=localhost -Dspring.jmx.enabled=true -Dspring.application.admin.enabled=true -Djava.security.egd=file:/dev/./urandom -XX:TieredStopAtLevel=1 -Dspring.boot.project.name=FingerTech -Dfile.encoding=UTF-8 br.gov.ma.tce.FingerTechApplication

Host: Intel(R) Core(TM) i5-7500 CPU @ 3.40GHz, 4 cores, 7G, Linux Mint 19.1 Tessa
Time: Wed Feb  9 13:37:46 2022 -03 elapsed time: 390 seconds (0d 0h 6m 30s)

---------------  T H R E A D  ---------------

Current thread (0x00007f93dc1ef800):  JavaThread "http-nio-8080-exec-4" daemon [_thread_in_native, id=7461, stack(0x00007f9414fc6000,0x00007f94150c7000)]

Stack: [0x00007f9414fc6000,0x00007f94150c7000],  sp=0x00007f94150c2e78,  free space=1011k
Native frames: (J=compiled Java code, A=aot compiled Java code, j=interpreted, Vv=VM code, C=native code)
C  [libc.so.6+0xbb4a4]

Java frames: (J=compiled Java code, j=interpreted, Vv=VM code)
j  com.nitgen.SDK.BSP.NBioBSPJNI.NBioAPI_NativeCapture(JILcom/nitgen/SDK/BSP/NBioBSPJNI$FIR_HANDLE;ILcom/nitgen/SDK/BSP/NBioBSPJNI$FIR_HANDLE;Lcom/nitgen/SDK/BSP/NBioBSPJNI$WINDOW_OPTION;)I+0
j  com.nitgen.SDK.BSP.NBioBSPJNI.Capture(ILcom/nitgen/SDK/BSP/NBioBSPJNI$FIR_HANDLE;ILcom/nitgen/SDK/BSP/NBioBSPJNI$FIR_HANDLE;Lcom/nitgen/SDK/BSP/NBioBSPJNI$WINDOW_OPTION;)I+57
j  com.nitgen.SDK.BSP.NBioBSPJNI.Capture(Lcom/nitgen/SDK/BSP/NBioBSPJNI$FIR_HANDLE;)I+6
j  br.gov.ma.tce.Utils.UtilsNitgen.Captura()Ljava/lang/String;+30
j  br.gov.ma.tce.Controllers.CaptureController.captureSingleFinger()Ljava/lang/String;+4
v  ~StubRoutines::call_stub
J 2599  jdk.internal.reflect.NativeMethodAccessorImpl.invoke0(Ljava/lang/reflect/Method;Ljava/lang/Object;[Ljava/lang/Object;)Ljava/lang/Object; java.base@11.0.2 (0 bytes) @ 0x00007f9459977cb7 [0x00007f9459977c40+0x0000000000000077]
J 2598 c1 jdk.internal.reflect.NativeMethodAccessorImpl.invoke(Ljava/lang/Object;[Ljava/lang/Object;)Ljava/lang/Object; java.base@11.0.2 (104 bytes) @ 0x00007f945997dacc [0x00007f945997d740+0x000000000000038c]
J 2294 c1 jdk.internal.reflect.DelegatingMethodAccessorImpl.invoke(Ljava/lang/Object;[Ljava/lang/Object;)Ljava/lang/Object; java.base@11.0.2 (10 bytes) @ 0x00007f94598f1404 [0x00007f94598f13c0+0x0000000000000044]
J 2440 c1 java.lang.reflect.Method.invoke(Ljava/lang/Object;[Ljava/lang/Object;)Ljava/lang/Object; java.base@11.0.2 (65 bytes) @ 0x00007f945992f354 [0x00007f945992f260+0x00000000000000f4]
j  org.springframework.web.method.support.InvocableHandlerMethod.doInvoke([Ljava/lang/Object;)Ljava/lang/Object;+28
j  org.springframework.web.method.support.InvocableHandlerMethod.invokeForRequest(Lorg/springframework/web/context/request/NativeWebRequest;Lorg/springframework/web/method/support/ModelAndViewContainer;[Ljava/lang/Object;)Ljava/lang/Object;+54
j  org.springframework.web.servlet.mvc.method.annotation.ServletInvocableHandlerMethod.invokeAndHandle(Lorg/springframework/web/context/request/ServletWebRequest;Lorg/springframework/web/method/support/ModelAndViewContainer;[Ljava/lang/Object;)V+4
j  org.springframework.web.servlet.mvc.method.annotation.RequestMappingHandlerAdapter.invokeHandlerMethod(Ljavax/servlet/http/HttpServletRequest;Ljavax/servlet/http/HttpServletResponse;Lorg/springframework/web/method/HandlerMethod;)Lorg/springframework/web/servlet/ModelAndView;+244
j  org.springframework.web.servlet.mvc.method.annotation.RequestMappingHandlerAdapter.handleInternal(Ljavax/servlet/http/HttpServletRequest;Ljavax/servlet/http/HttpServletResponse;Lorg/springframework/web/method/HandlerMethod;)Lorg/springframework/web/servlet/ModelAndView;+81
j  org.springframework.web.servlet.mvc.method.AbstractHandlerMethodAdapter.handle(Ljavax/servlet/http/HttpServletRequest;Ljavax/servlet/http/HttpServletResponse;Ljava/lang/Object;)Lorg/springframework/web/servlet/ModelAndView;+7
j  org.springframework.web.servlet.DispatcherServlet.doDispatch(Ljavax/servlet/http/HttpServletRequest;Ljavax/servlet/http/HttpServletResponse;)V+259
j  org.springframework.web.servlet.DispatcherServlet.doService(Ljavax/servlet/http/HttpServletRequest;Ljavax/servlet/http/HttpServletResponse;)V+241
j  org.springframework.web.servlet.FrameworkServlet.processRequest(Ljavax/servlet/http/HttpServletRequest;Ljavax/servlet/http/HttpServletResponse;)V+71
j  org.springframework.web.servlet.FrameworkServlet.doGet(Ljavax/servlet/http/HttpServletRequest;Ljavax/servlet/http/HttpServletResponse;)V+3
j  javax.servlet.http.HttpServlet.service(Ljavax/servlet/http/HttpServletRequest;Ljavax/servlet/http/HttpServletResponse;)V+35
j  org.springframework.web.servlet.FrameworkServlet.service(Ljavax/servlet/http/HttpServletRequest;Ljavax/servlet/http/HttpServletResponse;)V+33
j  javax.servlet.http.HttpServlet.service(Ljavax/servlet/ServletRequest;Ljavax/servlet/ServletResponse;)V+36
j  org.apache.catalina.core.ApplicationFilterChain.internalDoFilter(Ljavax/servlet/ServletRequest;Ljavax/servlet/ServletResponse;)V+304
j  org.apache.catalina.core.ApplicationFilterChain.doFilter(Ljavax/servlet/ServletRequest;Ljavax/servlet/ServletResponse;)V+99
j  org.apache.tomcat.websocket.server.WsFilter.doFilter(Ljavax/servlet/ServletRequest;Ljavax/servlet/ServletResponse;Ljavax/servlet/FilterChain;)V+21
j  org.apache.catalina.core.ApplicationFilterChain.internalDoFilter(Ljavax/servlet/ServletRequest;Ljavax/servlet/ServletResponse;)V+135
j  org.apache.catalina.core.ApplicationFilterChain.doFilter(Ljavax/servlet/ServletRequest;Ljavax/servlet/ServletResponse;)V+99
j  org.springframework.web.filter.RequestContextFilter.doFilterInternal(Ljavax/servlet/http/HttpServletRequest;Ljavax/servlet/http/HttpServletResponse;Ljavax/servlet/FilterChain;)V+21
j  org.springframework.web.filter.OncePerRequestFilter.doFilter(Ljavax/servlet/ServletRequest;Ljavax/servlet/ServletResponse;Ljavax/servlet/FilterChain;)V+147
j  org.apache.catalina.core.ApplicationFilterChain.internalDoFilter(Ljavax/servlet/ServletRequest;Ljavax/servlet/ServletResponse;)V+135
j  org.apache.catalina.core.ApplicationFilterChain.doFilter(Ljavax/servlet/ServletRequest;Ljavax/servlet/ServletResponse;)V+99
j  org.springframework.web.filter.FormContentFilter.doFilterInternal(Ljavax/servlet/http/HttpServletRequest;Ljavax/servlet/http/HttpServletResponse;Ljavax/servlet/FilterChain;)V+38
j  org.springframework.web.filter.OncePerRequestFilter.doFilter(Ljavax/servlet/ServletRequest;Ljavax/servlet/ServletResponse;Ljavax/servlet/FilterChain;)V+147
j  org.apache.catalina.core.ApplicationFilterChain.internalDoFilter(Ljavax/servlet/ServletRequest;Ljavax/servlet/ServletResponse;)V+135
j  org.apache.catalina.core.ApplicationFilterChain.doFilter(Ljavax/servlet/ServletRequest;Ljavax/servlet/ServletResponse;)V+99
j  org.springframework.web.filter.CharacterEncodingFilter.doFilterInternal(Ljavax/servlet/http/HttpServletRequest;Ljavax/servlet/http/HttpServletResponse;Ljavax/servlet/FilterChain;)V+53
j  org.springframework.web.filter.OncePerRequestFilter.doFilter(Ljavax/servlet/ServletRequest;Ljavax/servlet/ServletResponse;Ljavax/servlet/FilterChain;)V+147
j  org.apache.catalina.core.ApplicationFilterChain.internalDoFilter(Ljavax/servlet/ServletRequest;Ljavax/servlet/ServletResponse;)V+135
j  org.apache.catalina.core.ApplicationFilterChain.doFilter(Ljavax/servlet/ServletRequest;Ljavax/servlet/ServletResponse;)V+99
j  org.apache.catalina.core.StandardWrapperValve.invoke(Lorg/apache/catalina/connector/Request;Lorg/apache/catalina/connector/Response;)V+694
j  org.apache.catalina.core.StandardContextValve.invoke(Lorg/apache/catalina/connector/Request;Lorg/apache/catalina/connector/Response;)V+169
j  org.apache.catalina.authenticator.AuthenticatorBase.invoke(Lorg/apache/catalina/connector/Request;Lorg/apache/catalina/connector/Response;)V+260
j  org.apache.catalina.core.StandardHostValve.invoke(Lorg/apache/catalina/connector/Request;Lorg/apache/catalina/connector/Response;)V+128
j  org.apache.catalina.valves.ErrorReportValve.invoke(Lorg/apache/catalina/connector/Request;Lorg/apache/catalina/connector/Response;)V+6
j  org.apache.catalina.core.StandardEngineValve.invoke(Lorg/apache/catalina/connector/Request;Lorg/apache/catalina/connector/Response;)V+59
j  org.apache.catalina.connector.CoyoteAdapter.service(Lorg/apache/coyote/Request;Lorg/apache/coyote/Response;)V+199
j  org.apache.coyote.http11.Http11Processor.service(Lorg/apache/tomcat/util/net/SocketWrapperBase;)Lorg/apache/tomcat/util/net/AbstractEndpoint$Handler$SocketState;+737
j  org.apache.coyote.AbstractProcessorLight.process(Lorg/apache/tomcat/util/net/SocketWrapperBase;Lorg/apache/tomcat/util/net/SocketEvent;)Lorg/apache/tomcat/util/net/AbstractEndpoint$Handler$SocketState;+170
j  org.apache.coyote.AbstractProtocol$ConnectionHandler.process(Lorg/apache/tomcat/util/net/SocketWrapperBase;Lorg/apache/tomcat/util/net/SocketEvent;)Lorg/apache/tomcat/util/net/AbstractEndpoint$Handler$SocketState;+505
j  org.apache.tomcat.util.net.NioEndpoint$SocketProcessor.doRun()V+216
j  org.apache.tomcat.util.net.SocketProcessorBase.run()V+21
j  org.apache.tomcat.util.threads.ThreadPoolExecutor.runWorker(Lorg/apache/tomcat/util/threads/ThreadPoolExecutor$Worker;)V+92
j  org.apache.tomcat.util.threads.ThreadPoolExecutor$Worker.run()V+5
j  org.apache.tomcat.util.threads.TaskThread$WrappingRunnable.run()V+4
j  java.lang.Thread.run()V+11 java.base@11.0.2
v  ~StubRoutines::call_stub

siginfo: si_signo: 11 (SIGSEGV), si_code: 1 (SEGV_MAPERR), si_addr: 0x0000000000000000

Register to memory mapping:

RAX=0x00007f93ec1fafc0 points into unknown readable memory: fe fe fe fe fe fe fe fe
RBX=0x00007f93ec004a90 points into unknown readable memory: 50 5f 02 e8 93 7f 00 00
RCX=0x0 is NULL
RDX=0x0000000000011ae0 is an unknown value
RSP=0x00007f94150c2e78 is pointing into the stack for thread: 0x00007f93dc1ef800
RBP=0x000000000000ffff is an unknown value
RSI=0x0 is NULL
RDI=0x00007f93ec1fafc0 points into unknown readable memory: fe fe fe fe fe fe fe fe
R8 =0x00007f93ec1fa750 points into unknown readable memory: 20 68 02 e8 93 7f 00 00
R9 =0x000000000000003f is an unknown value
R10=0x00007f94150c2e80 is pointing into the stack for thread: 0x00007f93dc1ef800
R11=0x0 is NULL
R12=0x00007f93ec1fafc0 points into unknown readable memory: fe fe fe fe fe fe fe fe
R13=0x00007f93ec0043d0 points into unknown readable memory: 00 00 00 00 00 00 00 00
R14=0x0000000000000064 is an unknown value
R15=0x0 is NULL


Registers:
RAX=0x00007f93ec1fafc0, RBX=0x00007f93ec004a90, RCX=0x0000000000000000, RDX=0x0000000000011ae0
RSP=0x00007f94150c2e78, RBP=0x000000000000ffff, RSI=0x0000000000000000, RDI=0x00007f93ec1fafc0
R8 =0x00007f93ec1fa750, R9 =0x000000000000003f, R10=0x00007f94150c2e80, R11=0x0000000000000000
R12=0x00007f93ec1fafc0, R13=0x00007f93ec0043d0, R14=0x0000000000000064, R15=0x0000000000000000
RIP=0x00007f94727064a4, EFLAGS=0x0000000000010206, CSGSFS=0x002b000000000033, ERR=0x0000000000000004
  TRAPNO=0x000000000000000e

Top of Stack: (sp=0x00007f94150c2e78)
0x00007f94150c2e78:   00007f93d70ef899 0000000000409800
0x00007f94150c2e88:   0000000000000000 00007f93ec004b20
0x00007f94150c2e98:   000000f800000000 0000000000000124
0x00007f94150c2ea8:   0000000000000000 00007f93ec004b40 

Instructions: (pc=0x00007f94727064a4)
0x00007f9472706484:   30 48 83 c7 40 48 83 fa 40 77 d0 0f 11 29 0f 11
0x00007f9472706494:   71 f0 0f 11 79 e0 44 0f 11 41 d0 41 0f 11 23 c3
0x00007f94727064a4:   0f 10 26 0f 10 6e 10 0f 10 76 20 0f 10 7e 30 44
0x00007f94727064b4:   0f 10 44 16 f0 4c 8d 5c 17 f0 48 8d 4c 16 f0 4d 

Stack slot to memory mapping:
stack at sp + 0 slots: 0x00007f93d70ef899 is an unknown value
stack at sp + 1 slots: 0x0000000000409800 is an unknown value
stack at sp + 2 slots: 0x0 is NULL
stack at sp + 3 slots: 0x00007f93ec004b20 points into unknown readable memory: f8 00 00 00 24 01 00 00
stack at sp + 4 slots: 0x000000f800000000 is an unknown value
stack at sp + 5 slots: 0x0000000000000124 is an unknown value
stack at sp + 6 slots: 0x0 is NULL
stack at sp + 7 slots: 0x00007f93ec004b40 points into unknown readable memory: 00 4c 00 ec 93 7f 00 00


---------------  P R O C E S S  ---------------

Threads class SMR info:
_java_thread_list=0x00007f9434002530, length=28, elements={
0x00007f946c153800, 0x00007f946c157800, 0x00007f946c168000, 0x00007f946c16a000,
0x00007f946c16c000, 0x00007f946c23e000, 0x00007f946c280800, 0x00007f946c546000,
0x00007f946c54c800, 0x00007f946c57e000, 0x00007f9410001800, 0x00007f93f400f000,
0x00007f93e8015000, 0x00007f93f07d0800, 0x00007f946c013800, 0x00007f9428001000,
0x00007f9408002000, 0x00007f93fc016000, 0x00007f93fc016800, 0x00007f93fc018000,
0x00007f93fc02f000, 0x00007f93fc033000, 0x00007f93fc056000, 0x00007f93dc1ec000,
0x00007f93dc1ed000, 0x00007f93dc1ee800, 0x00007f93dc1ef800, 0x00007f93dc1f0800
}

Java Threads: ( => current thread )
  0x00007f946c153800 JavaThread "Reference Handler" daemon [_thread_blocked, id=7198, stack(0x00007f944cd1a000,0x00007f944ce1b000)]
  0x00007f946c157800 JavaThread "Finalizer" daemon [_thread_blocked, id=7199, stack(0x00007f944cc19000,0x00007f944cd1a000)]
  0x00007f946c168000 JavaThread "Signal Dispatcher" daemon [_thread_blocked, id=7200, stack(0x00007f944c839000,0x00007f944c93a000)]
  0x00007f946c16a000 JavaThread "C1 CompilerThread0" daemon [_thread_blocked, id=7201, stack(0x00007f944c738000,0x00007f944c839000)]
  0x00007f946c16c000 JavaThread "Sweeper thread" daemon [_thread_blocked, id=7202, stack(0x00007f944c637000,0x00007f944c738000)]
  0x00007f946c23e000 JavaThread "Common-Cleaner" daemon [_thread_blocked, id=7203, stack(0x00007f944c536000,0x00007f944c637000)]
  0x00007f946c280800 JavaThread "Service Thread" daemon [_thread_blocked, id=7205, stack(0x00007f944c334000,0x00007f944c435000)]
  0x00007f946c546000 JavaThread "RMI TCP Accept-0" daemon [_thread_in_native, id=7206, stack(0x00007f944c022000,0x00007f944c123000)]
  0x00007f946c54c800 JavaThread "RMI TCP Accept-41381" daemon [_thread_in_native, id=7207, stack(0x00007f94174d9000,0x00007f94175da000)]
  0x00007f946c57e000 JavaThread "RMI TCP Accept-0" daemon [_thread_in_native, id=7208, stack(0x00007f94171d8000,0x00007f94172d9000)]
  0x00007f9410001800 JavaThread "RMI TCP Connection(idle)" daemon [_thread_blocked, id=7216, stack(0x00007f94166cf000,0x00007f94167d0000)]
  0x00007f93f400f000 JavaThread "RMI Scheduler(0)" daemon [_thread_blocked, id=7217, stack(0x00007f94165ce000,0x00007f94166cf000)]
  0x00007f93e8015000 JavaThread "JMX server connection timeout 21" daemon [_thread_blocked, id=7218, stack(0x00007f94164cd000,0x00007f94165ce000)]
  0x00007f93f07d0800 JavaThread "Live Reload Server" daemon [_thread_in_native, id=7229, stack(0x00007f941402d000,0x00007f941412e000)]
  0x00007f946c013800 JavaThread "DestroyJavaVM" [_thread_blocked, id=7188, stack(0x00007f947339b000,0x00007f947349c000)]
  0x00007f9428001000 JavaThread "Attach Listener" daemon [_thread_blocked, id=7246, stack(0x00007f93d76f7000,0x00007f93d77f8000)]
  0x00007f9408002000 JavaThread "RMI TCP Connection(idle)" daemon [_thread_blocked, id=7362, stack(0x00007f944c435000,0x00007f944c536000)]
  0x00007f93fc016000 JavaThread "Catalina-utility-1" [_thread_blocked, id=7432, stack(0x00007f93d7bfc000,0x00007f93d7cfd000)]
  0x00007f93fc016800 JavaThread "Catalina-utility-2" [_thread_blocked, id=7433, stack(0x00007f9415fc8000,0x00007f94160c9000)]
  0x00007f93fc018000 JavaThread "container-0" [_thread_blocked, id=7434, stack(0x00007f941412e000,0x00007f941422f000)]
  0x00007f93fc02f000 JavaThread "File Watcher" daemon [_thread_blocked, id=7436, stack(0x00007f9416fd5000,0x00007f94170d6000)]
  0x00007f93fc033000 JavaThread "http-nio-8080-Poller" daemon [_thread_in_native, id=7437, stack(0x00007f93d77f8000,0x00007f93d78f9000)]
  0x00007f93fc056000 JavaThread "http-nio-8080-Acceptor" daemon [_thread_in_native, id=7438, stack(0x00007f93d7afb000,0x00007f93d7bfc000)]
  0x00007f93dc1ec000 JavaThread "http-nio-8080-exec-1" daemon [_thread_blocked, id=7443, stack(0x00007f93d7dfe000,0x00007f93d7eff000)]
  0x00007f93dc1ed000 JavaThread "http-nio-8080-exec-2" daemon [_thread_blocked, id=7459, stack(0x00007f93d78f9000,0x00007f93d79fa000)]
  0x00007f93dc1ee800 JavaThread "http-nio-8080-exec-3" daemon [_thread_blocked, id=7460, stack(0x00007f93d7cfd000,0x00007f93d7dfe000)]
=>0x00007f93dc1ef800 JavaThread "http-nio-8080-exec-4" daemon [_thread_in_native, id=7461, stack(0x00007f9414fc6000,0x00007f94150c7000)]
  0x00007f93dc1f0800 JavaThread "http-nio-8080-exec-5" daemon [_thread_blocked, id=7465, stack(0x00007f93d7eff000,0x00007f93d8000000)]

Other Threads:
  0x00007f946c14b000 VMThread "VM Thread" [stack: 0x00007f944ce1d000,0x00007f944cf1d000] [id=7196]
  0x00007f946c581000 WatcherThread [stack: 0x00007f94170d8000,0x00007f94171d8000] [id=7209]
  0x00007f946c03b800 GCTaskThread "GC Thread#0" [stack: 0x00007f94700b1000,0x00007f94701b1000] [id=7189]
  0x00007f943c001000 GCTaskThread "GC Thread#1" [stack: 0x00007f9416ed5000,0x00007f9416fd5000] [id=7211]
  0x00007f943c003800 GCTaskThread "GC Thread#2" [stack: 0x00007f94161cd000,0x00007f94162cd000] [id=7220]
  0x00007f943c005000 GCTaskThread "GC Thread#3" [stack: 0x00007f94160cb000,0x00007f94161cb000] [id=7221]
  0x00007f946c06c000 ConcurrentGCThread "G1 Main Marker" [stack: 0x00007f945806c000,0x00007f945816c000] [id=7190]
  0x00007f946c06e000 ConcurrentGCThread "G1 Conc#0" [stack: 0x00007f944fda8000,0x00007f944fea8000] [id=7191]
  0x00007f946c0e6000 ConcurrentGCThread "G1 Refine#0" [stack: 0x00007f944d8a2000,0x00007f944d9a2000] [id=7192]
  0x00007f946c0e8000 ConcurrentGCThread "G1 Young RemSet Sampling" [stack: 0x00007f944d7a0000,0x00007f944d8a0000] [id=7193]

Threads with active compile tasks:

VM state:not at safepoint (normal execution)

VM Mutex/Monitor currently owned by a thread: None

Heap address: 0x0000000085000000, size: 1968 MB, Compressed Oops mode: 32-bit
Narrow klass base: 0x0000000000000000, Narrow klass shift: 3
Compressed class space size: 1073741824 Address: 0x0000000100000000

Heap:
 garbage-first heap   total 48128K, used 19045K [0x0000000085000000, 0x0000000100000000)
  region size 1024K, 5 young (5120K), 3 survivors (3072K)
 Metaspace       used 42249K, capacity 43755K, committed 44080K, reserved 1087488K
  class space    used 5298K, capacity 5933K, committed 6016K, reserved 1048576K
Heap Regions: E=young(eden), S=young(survivor), O=old, HS=humongous(starts), HC=humongous(continues), CS=collection set, F=free, A=archive, TAMS=top-at-mark-start (previous, next)
|   0|0x0000000085000000, 0x00000000850fffd8, 0x0000000085100000| 99%| O|  |TAMS 0x0000000085000000, 0x0000000085000000| Untracked 
|   1|0x0000000085100000, 0x00000000851fcf00, 0x0000000085200000| 98%| O|  |TAMS 0x0000000085100000, 0x0000000085100000| Untracked 
|   2|0x0000000085200000, 0x00000000852fffe0, 0x0000000085300000| 99%| O|  |TAMS 0x0000000085200000, 0x0000000085200000| Untracked 
|   3|0x0000000085300000, 0x00000000853ffff8, 0x0000000085400000| 99%| O|  |TAMS 0x0000000085300000, 0x0000000085300000| Untracked 
|   4|0x0000000085400000, 0x00000000854ffff0, 0x0000000085500000| 99%| O|  |TAMS 0x0000000085400000, 0x0000000085400000| Untracked 
|   5|0x0000000085500000, 0x00000000855fffe0, 0x0000000085600000| 99%| O|  |TAMS 0x0000000085500000, 0x0000000085500000| Untracked 
|   6|0x0000000085600000, 0x00000000856fffc8, 0x0000000085700000| 99%| O|  |TAMS 0x0000000085600000, 0x0000000085600000| Untracked 
|   7|0x0000000085700000, 0x00000000857fffe8, 0x0000000085800000| 99%| O|  |TAMS 0x0000000085700000, 0x0000000085700000| Untracked 
|   8|0x0000000085800000, 0x00000000858fffe8, 0x0000000085900000| 99%| O|  |TAMS 0x0000000085800000, 0x0000000085800000| Untracked 
|   9|0x0000000085900000, 0x00000000859ff440, 0x0000000085a00000| 99%| O|  |TAMS 0x0000000085900000, 0x0000000085900000| Untracked 
|  10|0x0000000085a00000, 0x0000000085afffd0, 0x0000000085b00000| 99%| O|  |TAMS 0x0000000085a00000, 0x0000000085a00000| Untracked 
|  11|0x0000000085b00000, 0x0000000085bffff0, 0x0000000085c00000| 99%| O|  |TAMS 0x0000000085b00000, 0x0000000085b00000| Untracked 
|  12|0x0000000085c00000, 0x0000000085cfff18, 0x0000000085d00000| 99%| O|  |TAMS 0x0000000085c00000, 0x0000000085c00000| Untracked 
|  13|0x0000000085d00000, 0x0000000085dd6c50, 0x0000000085e00000| 83%| O|  |TAMS 0x0000000085d00000, 0x0000000085d00000| Untracked 
|  14|0x0000000085e00000, 0x0000000085e6cc00, 0x0000000085f00000| 42%| O|  |TAMS 0x0000000085e00000, 0x0000000085e00000| Untracked 
|  15|0x0000000085f00000, 0x0000000085f00000, 0x0000000086000000|  0%| F|  |TAMS 0x0000000085f00000, 0x0000000085f00000| Untracked 
|  16|0x0000000086000000, 0x0000000086000000, 0x0000000086100000|  0%| F|  |TAMS 0x0000000086000000, 0x0000000086000000| Untracked 
|  17|0x0000000086100000, 0x0000000086100000, 0x0000000086200000|  0%| F|  |TAMS 0x0000000086100000, 0x0000000086100000| Untracked 
|  18|0x0000000086200000, 0x0000000086200000, 0x0000000086300000|  0%| F|  |TAMS 0x0000000086200000, 0x0000000086200000| Untracked 
|  19|0x0000000086300000, 0x0000000086300000, 0x0000000086400000|  0%| F|  |TAMS 0x0000000086300000, 0x0000000086300000| Untracked 
|  20|0x0000000086400000, 0x0000000086400000, 0x0000000086500000|  0%| F|  |TAMS 0x0000000086400000, 0x0000000086400000| Untracked 
|  21|0x0000000086500000, 0x0000000086600000, 0x0000000086600000|100%| S|CS|TAMS 0x0000000086500000, 0x0000000086500000| Complete 
|  22|0x0000000086600000, 0x0000000086700000, 0x0000000086700000|100%| S|CS|TAMS 0x0000000086600000, 0x0000000086600000| Complete 
|  23|0x0000000086700000, 0x0000000086759c80, 0x0000000086800000| 35%| O|  |TAMS 0x0000000086700000, 0x0000000086700000| Untracked 
|  24|0x0000000086800000, 0x0000000086800000, 0x0000000086900000|  0%| F|  |TAMS 0x0000000086800000, 0x0000000086800000| Untracked 
|  25|0x0000000086900000, 0x0000000086900000, 0x0000000086a00000|  0%| F|  |TAMS 0x0000000086900000, 0x0000000086900000| Untracked 
|  26|0x0000000086a00000, 0x0000000086b00000, 0x0000000086b00000|100%| S|CS|TAMS 0x0000000086a00000, 0x0000000086a00000| Complete 
|  27|0x0000000086b00000, 0x0000000086b00000, 0x0000000086c00000|  0%| F|  |TAMS 0x0000000086b00000, 0x0000000086b00000| Untracked 
|  28|0x0000000086c00000, 0x0000000086c00000, 0x0000000086d00000|  0%| F|  |TAMS 0x0000000086c00000, 0x0000000086c00000| Untracked 
|  29|0x0000000086d00000, 0x0000000086d00000, 0x0000000086e00000|  0%| F|  |TAMS 0x0000000086d00000, 0x0000000086d00000| Untracked 
|  30|0x0000000086e00000, 0x0000000086e00000, 0x0000000086f00000|  0%| F|  |TAMS 0x0000000086e00000, 0x0000000086e00000| Untracked 
|  31|0x0000000086f00000, 0x0000000086f00000, 0x0000000087000000|  0%| F|  |TAMS 0x0000000086f00000, 0x0000000086f00000| Untracked 
|  32|0x0000000087000000, 0x0000000087000000, 0x0000000087100000|  0%| F|  |TAMS 0x0000000087000000, 0x0000000087000000| Untracked 
|  33|0x0000000087100000, 0x0000000087100000, 0x0000000087200000|  0%| F|  |TAMS 0x0000000087100000, 0x0000000087100000| Untracked 
|  34|0x0000000087200000, 0x0000000087200000, 0x0000000087300000|  0%| F|  |TAMS 0x0000000087200000, 0x0000000087200000| Untracked 
|  35|0x0000000087300000, 0x0000000087300000, 0x0000000087400000|  0%| F|  |TAMS 0x0000000087300000, 0x0000000087300000| Untracked 
|  36|0x0000000087400000, 0x0000000087400000, 0x0000000087500000|  0%| F|  |TAMS 0x0000000087400000, 0x0000000087400000| Untracked 
|  37|0x0000000087500000, 0x0000000087500000, 0x0000000087600000|  0%| F|  |TAMS 0x0000000087500000, 0x0000000087500000| Untracked 
|  38|0x0000000087600000, 0x0000000087600000, 0x0000000087700000|  0%| F|  |TAMS 0x0000000087600000, 0x0000000087600000| Untracked 
|  39|0x0000000087700000, 0x0000000087700000, 0x0000000087800000|  0%| F|  |TAMS 0x0000000087700000, 0x0000000087700000| Untracked 
|  40|0x0000000087800000, 0x0000000087800000, 0x0000000087900000|  0%| F|  |TAMS 0x0000000087800000, 0x0000000087800000| Untracked 
|  41|0x0000000087900000, 0x0000000087900000, 0x0000000087a00000|  0%| F|  |TAMS 0x0000000087900000, 0x0000000087900000| Untracked 
|  42|0x0000000087a00000, 0x0000000087a00000, 0x0000000087b00000|  0%| F|  |TAMS 0x0000000087a00000, 0x0000000087a00000| Untracked 
|  43|0x0000000087b00000, 0x0000000087b00000, 0x0000000087c00000|  0%| F|  |TAMS 0x0000000087b00000, 0x0000000087b00000| Untracked 
|  44|0x0000000087c00000, 0x0000000087c00000, 0x0000000087d00000|  0%| F|  |TAMS 0x0000000087c00000, 0x0000000087c00000| Untracked 
|  45|0x0000000087d00000, 0x0000000087d86be8, 0x0000000087e00000| 52%| E|  |TAMS 0x0000000087d00000, 0x0000000087d00000| Complete 
|  46|0x0000000087e00000, 0x0000000087f00000, 0x0000000087f00000|100%| E|CS|TAMS 0x0000000087e00000, 0x0000000087e00000| Complete 

Card table byte_map: [0x00007f945816c000,0x00007f9458544000] _byte_map_base: 0x00007f9457d44000

Marking Bits (Prev, Next): (CMBitMap*) 0x00007f946c0639d8, (CMBitMap*) 0x00007f946c063a10
 Prev Bits: [0x00007f9451d68000, 0x00007f9453c28000)
 Next Bits: [0x00007f944fea8000, 0x00007f9451d68000)

Polling page: 0x00007f94734b2000

Metaspace:

Usage:
  Non-class:     36,94 MB capacity,    36,09 MB ( 98%) used,   700,63 KB (  2%) free+waste,   169,94 KB ( <1%) overhead. 
      Class:      5,79 MB capacity,     5,17 MB ( 89%) used,   550,89 KB (  9%) free+waste,    83,94 KB (  1%) overhead. 
       Both:     42,73 MB capacity,    41,26 MB ( 97%) used,     1,22 MB (  3%) free+waste,   253,88 KB ( <1%) overhead. 

Virtual space:
  Non-class space:       38,00 MB reserved,      37,17 MB ( 98%) committed 
      Class space:        1,00 GB reserved,       5,88 MB ( <1%) committed 
             Both:        1,04 GB reserved,      43,05 MB (  4%) committed 

Chunk freelists:
   Non-Class:  2,75 KB
       Class:  2,38 KB
        Both:  5,12 KB

CodeHeap 'non-profiled nmethods': size=238948Kb used=8600Kb max_used=8600Kb free=230347Kb
 bounds [0x00007f945959a000, 0x00007f9459e0a000, 0x00007f9467ef3000]
CodeHeap 'non-nmethods': size=6812Kb used=1172Kb max_used=2284Kb free=5640Kb
 bounds [0x00007f9458ef3000, 0x00007f9459163000, 0x00007f945959a000]
 total_blobs=5828 nmethods=5197 adapters=464
 compilation: enabled
              stopped_count=0, restarted_count=0
 full_count=0

Compilation events (10 events):
Event: 377,796 Thread 0x00007f946c16a000 5237       1       org.apache.catalina.webresources.Cache$EvictionOrder::compare (31 bytes)
Event: 377,796 Thread 0x00007f946c16a000 nmethod 5237 0x00007f9459df5d10 code [0x00007f9459df5ec0, 0x00007f9459df6050]
Event: 377,796 Thread 0x00007f946c16a000 5238       1       java.util.concurrent.atomic.AtomicLong::get (5 bytes)
Event: 377,796 Thread 0x00007f946c16a000 nmethod 5238 0x00007f9459df6110 code [0x00007f9459df62c0, 0x00007f9459df63d0]
Event: 377,864 Thread 0x00007f946c16a000 5239       1       org.apache.coyote.AbstractProtocol$ConnectionHandler::getProtocol (5 bytes)
Event: 377,864 Thread 0x00007f946c16a000 nmethod 5239 0x00007f9459df6410 code [0x00007f9459df65c0, 0x00007f9459df66d0]
Event: 377,864 Thread 0x00007f946c16a000 5240       1       org.springframework.web.cors.CorsUtils::isPreFlightRequest (43 bytes)
Event: 377,865 Thread 0x00007f946c16a000 nmethod 5240 0x00007f9459df6790 code [0x00007f9459df6980, 0x00007f9459df6b78]
Event: 382,859 Thread 0x00007f946c16a000 5241       1       java.util.HashMap::afterNodeRemoval (1 bytes)
Event: 382,859 Thread 0x00007f946c16a000 nmethod 5241 0x00007f9459df6c90 code [0x00007f9459df6e40, 0x00007f9459df6f50]

GC Heap History (10 events):
Event: 268,141 GC heap before
{Heap before GC invocations=11 (full 2):
 garbage-first heap   total 48128K, used 34557K [0x0000000085000000, 0x0000000100000000)
  region size 1024K, 21 young (21504K), 0 survivors (0K)
 Metaspace       used 40405K, capacity 41889K, committed 41904K, reserved 1085440K
  class space    used 5038K, capacity 5624K, committed 5632K, reserved 1048576K
}
Event: 268,144 GC heap after
{Heap after GC invocations=12 (full 2):
 garbage-first heap   total 48128K, used 14496K [0x0000000085000000, 0x0000000100000000)
  region size 1024K, 2 young (2048K), 2 survivors (2048K)
 Metaspace       used 40405K, capacity 41889K, committed 41904K, reserved 1085440K
  class space    used 5038K, capacity 5624K, committed 5632K, reserved 1048576K
}
Event: 285,719 GC heap before
{Heap before GC invocations=12 (full 2):
 garbage-first heap   total 48128K, used 33952K [0x0000000085000000, 0x0000000100000000)
  region size 1024K, 22 young (22528K), 2 survivors (2048K)
 Metaspace       used 41347K, capacity 42861K, committed 43184K, reserved 1087488K
  class space    used 5179K, capacity 5792K, committed 5888K, reserved 1048576K
}
Event: 285,722 GC heap after
{Heap after GC invocations=13 (full 2):
 garbage-first heap   total 48128K, used 15764K [0x0000000085000000, 0x0000000100000000)
  region size 1024K, 3 young (3072K), 3 survivors (3072K)
 Metaspace       used 41347K, capacity 42861K, committed 43184K, reserved 1087488K
  class space    used 5179K, capacity 5792K, committed 5888K, reserved 1048576K
}
Event: 307,647 GC heap before
{Heap before GC invocations=13 (full 2):
 garbage-first heap   total 48128K, used 19860K [0x0000000085000000, 0x0000000100000000)
  region size 1024K, 8 young (8192K), 3 survivors (3072K)
 Metaspace       used 41539K, capacity 43001K, committed 43184K, reserved 1087488K
  class space    used 5204K, capacity 5796K, committed 5888K, reserved 1048576K
}
Event: 307,672 GC heap after
{Heap after GC invocations=14 (full 3):
 garbage-first heap   total 48128K, used 14514K [0x0000000085000000, 0x0000000100000000)
  region size 1024K, 0 young (0K), 0 survivors (0K)
 Metaspace       used 41537K, capacity 42995K, committed 43184K, reserved 1087488K
  class space    used 5203K, capacity 5794K, committed 5888K, reserved 1048576K
}
Event: 307,765 GC heap before
{Heap before GC invocations=14 (full 3):
 garbage-first heap   total 48128K, used 36018K [0x0000000085000000, 0x0000000100000000)
  region size 1024K, 21 young (21504K), 0 survivors (0K)
 Metaspace       used 41543K, capacity 43004K, committed 43184K, reserved 1087488K
  class space    used 5205K, capacity 5797K, committed 5888K, reserved 1048576K
}
Event: 307,767 GC heap after
{Heap after GC invocations=15 (full 3):
 garbage-first heap   total 48128K, used 16102K [0x0000000085000000, 0x0000000100000000)
  region size 1024K, 2 young (2048K), 2 survivors (2048K)
 Metaspace       used 41543K, capacity 43004K, committed 43184K, reserved 1087488K
  class space    used 5205K, capacity 5797K, committed 5888K, reserved 1048576K
}
Event: 378,468 GC heap before
{Heap before GC invocations=15 (full 3):
 garbage-first heap   total 48128K, used 35558K [0x0000000085000000, 0x0000000100000000)
  region size 1024K, 22 young (22528K), 2 survivors (2048K)
 Metaspace       used 42247K, capacity 43755K, committed 44080K, reserved 1087488K
  class space    used 5297K, capacity 5933K, committed 6016K, reserved 1048576K
}
Event: 378,471 GC heap after
{Heap after GC invocations=16 (full 3):
 garbage-first heap   total 48128K, used 18021K [0x0000000085000000, 0x0000000100000000)
  region size 1024K, 3 young (3072K), 3 survivors (3072K)
 Metaspace       used 42247K, capacity 43755K, committed 44080K, reserved 1087488K
  class space    used 5297K, capacity 5933K, committed 6016K, reserved 1048576K
}

Deoptimization events (0 events):
No events

Classes redefined (0 events):
No events

Internal exceptions (10 events):
Event: 268,147 Thread 0x00007f9444005000 Exception <a 'java/lang/NoClassDefFoundError'{0x0000000087e291f8}: liquibase/integration/spring/SpringLiquibase> (0x0000000087e291f8) thrown at [/scratch/opt/mach5/mesos/work_dir/slaves/07fc96ef-bf4d-487f-b22f-a84e49f5f44a-S39073/frameworks/1735e8a2-a1db-
Event: 268,167 Thread 0x00007f9444005000 Exception <a 'java/io/FileNotFoundException'{0x00000000879a3548}> (0x00000000879a3548) thrown at [/scratch/opt/mach5/mesos/work_dir/slaves/07fc96ef-bf4d-487f-b22f-a84e49f5f44a-S39073/frameworks/1735e8a2-a1db-478c-8104-60c8b0af87dd-0196/executors/7cdd7428-
Event: 268,173 Thread 0x00007f9444005000 Exception <a 'java/io/FileNotFoundException'{0x0000000087706d60}> (0x0000000087706d60) thrown at [/scratch/opt/mach5/mesos/work_dir/slaves/07fc96ef-bf4d-487f-b22f-a84e49f5f44a-S39073/frameworks/1735e8a2-a1db-478c-8104-60c8b0af87dd-0196/executors/7cdd7428-
Event: 285,732 Thread 0x00007f9448002800 Exception <a 'java/lang/NoClassDefFoundError'{0x0000000087dbf308}: sun/reflect/Reflection> (0x0000000087dbf308) thrown at [/scratch/opt/mach5/mesos/work_dir/slaves/07fc96ef-bf4d-487f-b22f-a84e49f5f44a-S39073/frameworks/1735e8a2-a1db-478c-8104-60c8b0af87dd
Event: 307,642 Thread 0x00007f93f4020800 Exception <a 'java/lang/InterruptedException'{0x0000000087a3c300}: sleep interrupted> (0x0000000087a3c300) thrown at [/scratch/opt/mach5/mesos/work_dir/slaves/07fc96ef-bf4d-487f-b22f-a84e49f5f44a-S39073/frameworks/1735e8a2-a1db-478c-8104-60c8b0af87dd-0196
Event: 307,676 Thread 0x00007f93f4016800 Exception <a 'java/io/FileNotFoundException'{0x0000000087efd2a8}> (0x0000000087efd2a8) thrown at [/scratch/opt/mach5/mesos/work_dir/slaves/07fc96ef-bf4d-487f-b22f-a84e49f5f44a-S39073/frameworks/1735e8a2-a1db-478c-8104-60c8b0af87dd-0196/executors/7cdd7428-
Event: 307,771 Thread 0x00007f93f4016800 Exception <a 'java/lang/NoClassDefFoundError'{0x0000000087e243c0}: org/flywaydb/core/Flyway> (0x0000000087e243c0) thrown at [/scratch/opt/mach5/mesos/work_dir/slaves/07fc96ef-bf4d-487f-b22f-a84e49f5f44a-S39073/frameworks/1735e8a2-a1db-478c-8104-60c8b0af87
Event: 307,771 Thread 0x00007f93f4016800 Exception <a 'java/lang/NoClassDefFoundError'{0x0000000087e246e8}: liquibase/integration/spring/SpringLiquibase> (0x0000000087e246e8) thrown at [/scratch/opt/mach5/mesos/work_dir/slaves/07fc96ef-bf4d-487f-b22f-a84e49f5f44a-S39073/frameworks/1735e8a2-a1db-
Event: 307,789 Thread 0x00007f93f4016800 Exception <a 'java/io/FileNotFoundException'{0x0000000087995eb8}> (0x0000000087995eb8) thrown at [/scratch/opt/mach5/mesos/work_dir/slaves/07fc96ef-bf4d-487f-b22f-a84e49f5f44a-S39073/frameworks/1735e8a2-a1db-478c-8104-60c8b0af87dd-0196/executors/7cdd7428-
Event: 307,794 Thread 0x00007f93f4016800 Exception <a 'java/io/FileNotFoundException'{0x00000000878f7fa8}> (0x00000000878f7fa8) thrown at [/scratch/opt/mach5/mesos/work_dir/slaves/07fc96ef-bf4d-487f-b22f-a84e49f5f44a-S39073/frameworks/1735e8a2-a1db-478c-8104-60c8b0af87dd-0196/executors/7cdd7428-

Events (10 events):
Event: 377,796 Executing VM operation: RevokeBias done
Event: 377,863 Thread 0x00007f93dc1f0800 Thread added: 0x00007f93dc1f0800
Event: 377,864 Executing VM operation: RevokeBias
Event: 377,864 Executing VM operation: RevokeBias done
Event: 377,864 Executing VM operation: RevokeBias
Event: 377,864 Executing VM operation: RevokeBias done
Event: 378,467 Executing VM operation: G1CollectForAllocation
Event: 378,471 Executing VM operation: G1CollectForAllocation done
Event: 382,859 Thread 0x00007f9410005000 Thread exited: 0x00007f9410005000
Event: 382,859 Thread 0x00007f9410007000 Thread exited: 0x00007f9410007000


Dynamic libraries:
00400000-00401000 r-xp 00000000 08:02 3933910                            /home/samba/.p2/pool/plugins/org.eclipse.justj.openjdk.hotspot.jre.full.linux.x86_64_11.0.2.v20200815-0835/jre/bin/java
00600000-00601000 r--p 00000000 08:02 3933910                            /home/samba/.p2/pool/plugins/org.eclipse.justj.openjdk.hotspot.jre.full.linux.x86_64_11.0.2.v20200815-0835/jre/bin/java
00601000-00602000 rw-p 00001000 08:02 3933910                            /home/samba/.p2/pool/plugins/org.eclipse.justj.openjdk.hotspot.jre.full.linux.x86_64_11.0.2.v20200815-0835/jre/bin/java
01c7c000-01c9d000 rw-p 00000000 00:00 0                                  [heap]
85000000-87f00000 rw-p 00000000 00:00 0 
87f00000-100000000 ---p 00000000 00:00 0 
100000000-1005e0000 rw-p 00000000 00:00 0 
1005e0000-140000000 ---p 00000000 00:00 0 
7f93d0000000-7f93d0133000 rw-p 00000000 00:00 0 
7f93d0133000-7f93d4000000 ---p 00000000 00:00 0 
7f93d72f7000-7f93d7437000 rw-p 00000000 00:00 0 
7f93d7437000-7f93d74f7000 ---p 00000000 00:00 0 
7f93d74f7000-7f93d76f7000 rw-p 00000000 00:00 0 
7f93d76f7000-7f93d76fb000 ---p 00000000 00:00 0 
7f93d76fb000-7f93d77f8000 rw-p 00000000 00:00 0 
7f93d77f8000-7f93d77fc000 ---p 00000000 00:00 0 
7f93d77fc000-7f93d78f9000 rw-p 00000000 00:00 0 
7f93d78f9000-7f93d78fd000 ---p 00000000 00:00 0 
7f93d78fd000-7f93d79fa000 rw-p 00000000 00:00 0 
7f93d79fa000-7f93d79fe000 ---p 00000000 00:00 0 
7f93d79fe000-7f93d7afb000 rw-p 00000000 00:00 0 
7f93d7afb000-7f93d7aff000 ---p 00000000 00:00 0 
7f93d7aff000-7f93d7bfc000 rw-p 00000000 00:00 0 
7f93d7bfc000-7f93d7c00000 ---p 00000000 00:00 0 
7f93d7c00000-7f93d7cfd000 rw-p 00000000 00:00 0 
7f93d7cfd000-7f93d7d01000 ---p 00000000 00:00 0 
7f93d7d01000-7f93d7dfe000 rw-p 00000000 00:00 0 
7f93d7dfe000-7f93d7e02000 ---p 00000000 00:00 0 
7f93d7e02000-7f93d7eff000 rw-p 00000000 00:00 0 
7f93d7eff000-7f93d7f03000 ---p 00000000 00:00 0 
7f93d7f03000-7f93d8000000 rw-p 00000000 00:00 0 
7f93d8000000-7f93d8021000 rw-p 00000000 00:00 0 
7f93d8021000-7f93dc000000 ---p 00000000 00:00 0 
7f93dc000000-7f93dc1fd000 rw-p 00000000 00:00 0 
7f93dc1fd000-7f93e0000000 ---p 00000000 00:00 0 
7f93e0000000-7f93e0021000 rw-p 00000000 00:00 0 
7f93e0021000-7f93e4000000 ---p 00000000 00:00 0 
7f93e4000000-7f93e4081000 rw-p 00000000 00:00 0 
7f93e4081000-7f93e8000000 ---p 00000000 00:00 0 
7f93e8000000-7f93e8220000 rw-p 00000000 00:00 0 
7f93e8220000-7f93ec000000 ---p 00000000 00:00 0 
7f93ec000000-7f93ec38c000 rw-p 00000000 00:00 0 
7f93ec38c000-7f93f0000000 ---p 00000000 00:00 0 
7f93f0000000-7f93f0894000 rw-p 00000000 00:00 0 
7f93f0894000-7f93f4000000 ---p 00000000 00:00 0 
7f93f4000000-7f93f4119000 rw-p 00000000 00:00 0 
7f93f4119000-7f93f8000000 ---p 00000000 00:00 0 
7f93f8000000-7f93f8026000 rw-p 00000000 00:00 0 
7f93f8026000-7f93fc000000 ---p 00000000 00:00 0 
7f93fc000000-7f93fc15d000 rw-p 00000000 00:00 0 
7f93fc15d000-7f9400000000 ---p 00000000 00:00 0 
7f9400000000-7f9400021000 rw-p 00000000 00:00 0 
7f9400021000-7f9404000000 ---p 00000000 00:00 0 
7f9404000000-7f9404060000 rw-p 00000000 00:00 0 
7f9404060000-7f9408000000 ---p 00000000 00:00 0 
7f9408000000-7f940804b000 rw-p 00000000 00:00 0 
7f940804b000-7f940c000000 ---p 00000000 00:00 0 
7f940c000000-7f940c021000 rw-p 00000000 00:00 0 
7f940c021000-7f9410000000 ---p 00000000 00:00 0 
7f9410000000-7f9410021000 rw-p 00000000 00:00 0 
7f9410021000-7f9414000000 ---p 00000000 00:00 0 
7f941402d000-7f9414031000 ---p 00000000 00:00 0 
7f9414031000-7f941412e000 rw-p 00000000 00:00 0 
7f941412e000-7f9414132000 ---p 00000000 00:00 0 
7f9414132000-7f941422f000 rw-p 00000000 00:00 0 
7f941422f000-7f9414233000 ---p 00000000 00:00 0 
7f9414233000-7f9414530000 rw-p 00000000 00:00 0 
7f9414530000-7f9414547000 r-xp 00000000 08:02 266871                     /lib/x86_64-linux-gnu/libgcc_s.so.1
7f9414547000-7f9414746000 ---p 00017000 08:02 266871                     /lib/x86_64-linux-gnu/libgcc_s.so.1
7f9414746000-7f9414747000 r--p 00016000 08:02 266871                     /lib/x86_64-linux-gnu/libgcc_s.so.1
7f9414747000-7f9414748000 rw-p 00017000 08:02 266871                     /lib/x86_64-linux-gnu/libgcc_s.so.1
7f9414748000-7f94148c1000 r-xp 00000000 08:02 29499488                   /usr/lib/x86_64-linux-gnu/libstdc++.so.6.0.25
7f94148c1000-7f9414ac1000 ---p 00179000 08:02 29499488                   /usr/lib/x86_64-linux-gnu/libstdc++.so.6.0.25
7f9414ac1000-7f9414acb000 r--p 00179000 08:02 29499488                   /usr/lib/x86_64-linux-gnu/libstdc++.so.6.0.25
7f9414acb000-7f9414acd000 rw-p 00183000 08:02 29499488                   /usr/lib/x86_64-linux-gnu/libstdc++.so.6.0.25
7f9414acd000-7f9414ad1000 rw-p 00000000 00:00 0 
7f9414ad1000-7f9414b84000 r-xp 00000000 08:02 29492706                   /usr/lib/libNBioBSP.so
7f9414b84000-7f9414d84000 ---p 000b3000 08:02 29492706                   /usr/lib/libNBioBSP.so
7f9414d84000-7f9414d85000 r--p 000b3000 08:02 29492706                   /usr/lib/libNBioBSP.so
7f9414d85000-7f9414d98000 rw-p 000b4000 08:02 29492706                   /usr/lib/libNBioBSP.so
7f9414d98000-7f9414da6000 rw-p 00000000 00:00 0 
7f9414da6000-7f9414dc4000 r-xp 00000000 08:02 29495579                   /usr/lib/libNBioBSPJNI.so
7f9414dc4000-7f9414fc3000 ---p 0001e000 08:02 29495579                   /usr/lib/libNBioBSPJNI.so
7f9414fc3000-7f9414fc4000 r--p 0001d000 08:02 29495579                   /usr/lib/libNBioBSPJNI.so
7f9414fc4000-7f9414fc5000 rw-p 0001e000 08:02 29495579                   /usr/lib/libNBioBSPJNI.so
7f9414fc5000-7f9414fc6000 rw-p 00000000 00:00 0 
7f9414fc6000-7f9414fca000 ---p 00000000 00:00 0 
7f9414fca000-7f94150c7000 rw-p 00000000 00:00 0 
7f94150c7000-7f94150cb000 ---p 00000000 00:00 0 
7f94150cb000-7f94153c8000 rw-p 00000000 00:00 0 
7f94153c8000-7f94155c8000 rw-p 00000000 00:00 0 
7f94155c8000-7f94157c8000 rw-p 00000000 00:00 0 
7f94157c8000-7f94159c8000 rw-p 00000000 00:00 0 
7f94159c8000-7f9415bc8000 rw-p 00000000 00:00 0 
7f9415bc8000-7f9415dc8000 rw-p 00000000 00:00 0 
7f9415dc8000-7f9415fb4000 rw-p 00000000 00:00 0 
7f9415fb4000-7f9415fc8000 ---p 00000000 00:00 0 
7f9415fc8000-7f9415fcc000 ---p 00000000 00:00 0 
7f9415fcc000-7f94160c9000 rw-p 00000000 00:00 0 
7f94160c9000-7f94160ca000 ---p 00000000 00:00 0 
7f94160ca000-7f94161cb000 rw-p 00000000 00:00 0 
7f94161cb000-7f94161cc000 ---p 00000000 00:00 0 
7f94161cc000-7f94164cd000 rw-p 00000000 00:00 0 
7f94164cd000-7f94164d1000 ---p 00000000 00:00 0 
7f94164d1000-7f94165ce000 rw-p 00000000 00:00 0 
7f94165ce000-7f94165d2000 ---p 00000000 00:00 0 
7f94165d2000-7f94166cf000 rw-p 00000000 00:00 0 
7f94166cf000-7f94166d3000 ---p 00000000 00:00 0 
7f94166d3000-7f94169d0000 rw-p 00000000 00:00 0 
7f94169d0000-7f94169d4000 ---p 00000000 00:00 0 
7f94169d4000-7f9416ad1000 rw-p 00000000 00:00 0 
7f9416ad1000-7f9416ad5000 ---p 00000000 00:00 0 
7f9416ad5000-7f9416bd2000 rw-p 00000000 00:00 0 
7f9416bd2000-7f9416bd6000 ---p 00000000 00:00 0 
7f9416bd6000-7f9416ed3000 rw-p 00000000 00:00 0 
7f9416ed3000-7f9416ed4000 ---p 00000000 00:00 0 
7f9416ed4000-7f9416fd5000 rw-p 00000000 00:00 0 
7f9416fd5000-7f9416fd9000 ---p 00000000 00:00 0 
7f9416fd9000-7f94170d6000 rw-p 00000000 00:00 0 
7f94170d6000-7f94170d7000 ---p 00000000 00:00 0 
7f94170d7000-7f94171d8000 rw-p 00000000 00:00 0 
7f94171d8000-7f94171dc000 ---p 00000000 00:00 0 
7f94171dc000-7f94174d9000 rw-p 00000000 00:00 0 
7f94174d9000-7f94174dd000 ---p 00000000 00:00 0 
7f94174dd000-7f94175da000 rw-p 00000000 00:00 0 
7f94175da000-7f94175dc000 r-xp 00000000 08:02 3934303                    /home/samba/.p2/pool/plugins/org.eclipse.justj.openjdk.hotspot.jre.full.linux.x86_64_11.0.2.v20200815-0835/jre/lib/libextnet.so
7f94175dc000-7f94177db000 ---p 00002000 08:02 3934303                    /home/samba/.p2/pool/plugins/org.eclipse.justj.openjdk.hotspot.jre.full.linux.x86_64_11.0.2.v20200815-0835/jre/lib/libextnet.so
7f94177db000-7f94177dc000 r--p 00001000 08:02 3934303                    /home/samba/.p2/pool/plugins/org.eclipse.justj.openjdk.hotspot.jre.full.linux.x86_64_11.0.2.v20200815-0835/jre/lib/libextnet.so
7f94177dc000-7f94177dd000 rw-p 00002000 08:02 3934303                    /home/samba/.p2/pool/plugins/org.eclipse.justj.openjdk.hotspot.jre.full.linux.x86_64_11.0.2.v20200815-0835/jre/lib/libextnet.so
7f94177dd000-7f94179dd000 rw-p 00000000 00:00 0 
7f94179dd000-7f94179e2000 r-xp 00000000 08:02 3934297                    /home/samba/.p2/pool/plugins/org.eclipse.justj.openjdk.hotspot.jre.full.linux.x86_64_11.0.2.v20200815-0835/jre/lib/libmanagement_ext.so
7f94179e2000-7f9417be1000 ---p 00005000 08:02 3934297                    /home/samba/.p2/pool/plugins/org.eclipse.justj.openjdk.hotspot.jre.full.linux.x86_64_11.0.2.v20200815-0835/jre/lib/libmanagement_ext.so
7f9417be1000-7f9417be2000 r--p 00004000 08:02 3934297                    /home/samba/.p2/pool/plugins/org.eclipse.justj.openjdk.hotspot.jre.full.linux.x86_64_11.0.2.v20200815-0835/jre/lib/libmanagement_ext.so
7f9417be2000-7f9417be3000 rw-p 00005000 08:02 3934297                    /home/samba/.p2/pool/plugins/org.eclipse.justj.openjdk.hotspot.jre.full.linux.x86_64_11.0.2.v20200815-0835/jre/lib/libmanagement_ext.so
7f9417be3000-7f9417be7000 r-xp 00000000 08:02 3934292                    /home/samba/.p2/pool/plugins/org.eclipse.justj.openjdk.hotspot.jre.full.linux.x86_64_11.0.2.v20200815-0835/jre/lib/libmanagement.so
7f9417be7000-7f9417de6000 ---p 00004000 08:02 3934292                    /home/samba/.p2/pool/plugins/org.eclipse.justj.openjdk.hotspot.jre.full.linux.x86_64_11.0.2.v20200815-0835/jre/lib/libmanagement.so
7f9417de6000-7f9417de7000 r--p 00003000 08:02 3934292                    /home/samba/.p2/pool/plugins/org.eclipse.justj.openjdk.hotspot.jre.full.linux.x86_64_11.0.2.v20200815-0835/jre/lib/libmanagement.so
7f9417de7000-7f9417de8000 rw-p 00004000 08:02 3934292                    /home/samba/.p2/pool/plugins/org.eclipse.justj.openjdk.hotspot.jre.full.linux.x86_64_11.0.2.v20200815-0835/jre/lib/libmanagement.so
7f9417de8000-7f9417dfe000 r-xp 00000000 08:02 3934314                    /home/samba/.p2/pool/plugins/org.eclipse.justj.openjdk.hotspot.jre.full.linux.x86_64_11.0.2.v20200815-0835/jre/lib/libnet.so
7f9417dfe000-7f9417ffe000 ---p 00016000 08:02 3934314                    /home/samba/.p2/pool/plugins/org.eclipse.justj.openjdk.hotspot.jre.full.linux.x86_64_11.0.2.v20200815-0835/jre/lib/libnet.so
7f9417ffe000-7f9417fff000 r--p 00016000 08:02 3934314                    /home/samba/.p2/pool/plugins/org.eclipse.justj.openjdk.hotspot.jre.full.linux.x86_64_11.0.2.v20200815-0835/jre/lib/libnet.so
7f9417fff000-7f9418000000 rw-p 00017000 08:02 3934314                    /home/samba/.p2/pool/plugins/org.eclipse.justj.openjdk.hotspot.jre.full.linux.x86_64_11.0.2.v20200815-0835/jre/lib/libnet.so
7f9418000000-7f9418299000 rw-p 00000000 00:00 0 
7f9418299000-7f941c000000 ---p 00000000 00:00 0 
7f941c000000-7f941c021000 rw-p 00000000 00:00 0 
7f941c021000-7f9420000000 ---p 00000000 00:00 0 
7f9420000000-7f9420021000 rw-p 00000000 00:00 0 
7f9420021000-7f9424000000 ---p 00000000 00:00 0 
7f9424000000-7f9424021000 rw-p 00000000 00:00 0 
7f9424021000-7f9428000000 ---p 00000000 00:00 0 
7f9428000000-7f9428021000 rw-p 00000000 00:00 0 
7f9428021000-7f942c000000 ---p 00000000 00:00 0 
7f942c000000-7f942c466000 rw-p 00000000 00:00 0 
7f942c466000-7f9430000000 ---p 00000000 00:00 0 
7f9430000000-7f9430021000 rw-p 00000000 00:00 0 
7f9430021000-7f9434000000 ---p 00000000 00:00 0 
7f9434000000-7f9434021000 rw-p 00000000 00:00 0 
7f9434021000-7f9438000000 ---p 00000000 00:00 0 
7f9438000000-7f9438021000 rw-p 00000000 00:00 0 
7f9438021000-7f943c000000 ---p 00000000 00:00 0 
7f943c000000-7f943c9a2000 rw-p 00000000 00:00 0 
7f943c9a2000-7f9440000000 ---p 00000000 00:00 0 
7f9440000000-7f9440021000 rw-p 00000000 00:00 0 
7f9440021000-7f9444000000 ---p 00000000 00:00 0 
7f9444000000-7f9444021000 rw-p 00000000 00:00 0 
7f9444021000-7f9448000000 ---p 00000000 00:00 0 
7f9448000000-7f9448021000 rw-p 00000000 00:00 0 
7f9448021000-7f944c000000 ---p 00000000 00:00 0 
7f944c022000-7f944c026000 ---p 00000000 00:00 0 
7f944c026000-7f944c123000 rw-p 00000000 00:00 0 
7f944c123000-7f944c133000 r-xp 00000000 08:02 3934307                    /home/samba/.p2/pool/plugins/org.eclipse.justj.openjdk.hotspot.jre.full.linux.x86_64_11.0.2.v20200815-0835/jre/lib/libnio.so
7f944c133000-7f944c332000 ---p 00010000 08:02 3934307                    /home/samba/.p2/pool/plugins/org.eclipse.justj.openjdk.hotspot.jre.full.linux.x86_64_11.0.2.v20200815-0835/jre/lib/libnio.so
7f944c332000-7f944c333000 r--p 0000f000 08:02 3934307                    /home/samba/.p2/pool/plugins/org.eclipse.justj.openjdk.hotspot.jre.full.linux.x86_64_11.0.2.v20200815-0835/jre/lib/libnio.so
7f944c333000-7f944c334000 rw-p 00010000 08:02 3934307                    /home/samba/.p2/pool/plugins/org.eclipse.justj.openjdk.hotspot.jre.full.linux.x86_64_11.0.2.v20200815-0835/jre/lib/libnio.so
7f944c334000-7f944c338000 ---p 00000000 00:00 0 
7f944c338000-7f944c435000 rw-p 00000000 00:00 0 
7f944c435000-7f944c439000 ---p 00000000 00:00 0 
7f944c439000-7f944c536000 rw-p 00000000 00:00 0 
7f944c536000-7f944c53a000 ---p 00000000 00:00 0 
7f944c53a000-7f944c637000 rw-p 00000000 00:00 0 
7f944c637000-7f944c63b000 ---p 00000000 00:00 0 
7f944c63b000-7f944c738000 rw-p 00000000 00:00 0 
7f944c738000-7f944c73c000 ---p 00000000 00:00 0 
7f944c73c000-7f944c839000 rw-p 00000000 00:00 0 
7f944c839000-7f944c83d000 ---p 00000000 00:00 0 
7f944c83d000-7f944c93a000 rw-p 00000000 00:00 0 
7f944c93a000-7f944cc19000 r--p 00000000 08:02 29497223                   /usr/lib/locale/locale-archive
7f944cc19000-7f944cc1d000 ---p 00000000 00:00 0 
7f944cc1d000-7f944cd1a000 rw-p 00000000 00:00 0 
7f944cd1a000-7f944cd1e000 ---p 00000000 00:00 0 
7f944cd1e000-7f944ce1b000 rw-p 00000000 00:00 0 
7f944ce1b000-7f944ce1c000 ---p 00000000 00:00 0 
7f944ce1c000-7f944d79e000 rw-p 00000000 00:00 0 
7f944d79e000-7f944d79f000 ---p 00000000 00:00 0 
7f944d79f000-7f944d8a0000 rw-p 00000000 00:00 0 
7f944d8a0000-7f944d8a1000 ---p 00000000 00:00 0 
7f944d8a1000-7f944fda6000 rw-p 00000000 00:00 0 
7f944fda6000-7f944fda7000 ---p 00000000 00:00 0 
7f944fda7000-7f944ff64000 rw-p 00000000 00:00 0 
7f944ff64000-7f9451d68000 ---p 00000000 00:00 0 
7f9451d68000-7f9451e24000 rw-p 00000000 00:00 0 
7f9451e24000-7f9453c28000 ---p 00000000 00:00 0 
7f9453c28000-7f9453c40000 rw-p 00000000 00:00 0 
7f9453c40000-7f9454000000 ---p 00000000 00:00 0 
7f9454000000-7f9454071000 rw-p 00000000 00:00 0 
7f9454071000-7f9458000000 ---p 00000000 00:00 0 
7f945806a000-7f945806b000 ---p 00000000 00:00 0 
7f945806b000-7f9458184000 rw-p 00000000 00:00 0 
7f9458184000-7f9458544000 ---p 00000000 00:00 0 
7f9458544000-7f945855c000 rw-p 00000000 00:00 0 
7f945855c000-7f945891c000 ---p 00000000 00:00 0 
7f945891c000-7f9458d31000 rw-p 00000000 00:00 0 
7f9458d31000-7f9458ef3000 ---p 00000000 00:00 0 
7f9458ef3000-7f9459163000 rwxp 00000000 00:00 0 
7f9459163000-7f945959a000 ---p 00000000 00:00 0 
7f945959a000-7f9459e0a000 rwxp 00000000 00:00 0 
7f9459e0a000-7f9467ef3000 ---p 00000000 00:00 0 
7f9467ef3000-7f946b9c9000 r--s 00000000 08:02 3934287                    /home/samba/.p2/pool/plugins/org.eclipse.justj.openjdk.hotspot.jre.full.linux.x86_64_11.0.2.v20200815-0835/jre/lib/modules
7f946b9c9000-7f946b9e4000 r-xp 00000000 08:02 3934311                    /home/samba/.p2/pool/plugins/org.eclipse.justj.openjdk.hotspot.jre.full.linux.x86_64_11.0.2.v20200815-0835/jre/lib/libjimage.so
7f946b9e4000-7f946bbe3000 ---p 0001b000 08:02 3934311                    /home/samba/.p2/pool/plugins/org.eclipse.justj.openjdk.hotspot.jre.full.linux.x86_64_11.0.2.v20200815-0835/jre/lib/libjimage.so
7f946bbe3000-7f946bbe5000 r--p 0001a000 08:02 3934311                    /home/samba/.p2/pool/plugins/org.eclipse.justj.openjdk.hotspot.jre.full.linux.x86_64_11.0.2.v20200815-0835/jre/lib/libjimage.so
7f946bbe5000-7f946bbe6000 rw-p 0001c000 08:02 3934311                    /home/samba/.p2/pool/plugins/org.eclipse.justj.openjdk.hotspot.jre.full.linux.x86_64_11.0.2.v20200815-0835/jre/lib/libjimage.so
7f946bbe6000-7f946bbed000 r-xp 00000000 08:02 3934306                    /home/samba/.p2/pool/plugins/org.eclipse.justj.openjdk.hotspot.jre.full.linux.x86_64_11.0.2.v20200815-0835/jre/lib/libzip.so
7f946bbed000-7f946bdec000 ---p 00007000 08:02 3934306                    /home/samba/.p2/pool/plugins/org.eclipse.justj.openjdk.hotspot.jre.full.linux.x86_64_11.0.2.v20200815-0835/jre/lib/libzip.so
7f946bdec000-7f946bded000 r--p 00006000 08:02 3934306                    /home/samba/.p2/pool/plugins/org.eclipse.justj.openjdk.hotspot.jre.full.linux.x86_64_11.0.2.v20200815-0835/jre/lib/libzip.so
7f946bded000-7f946bdee000 rw-p 00007000 08:02 3934306                    /home/samba/.p2/pool/plugins/org.eclipse.justj.openjdk.hotspot.jre.full.linux.x86_64_11.0.2.v20200815-0835/jre/lib/libzip.so
7f946bdee000-7f946bdf9000 r-xp 00000000 08:02 267755                     /lib/x86_64-linux-gnu/libnss_files-2.27.so
7f946bdf9000-7f946bff8000 ---p 0000b000 08:02 267755                     /lib/x86_64-linux-gnu/libnss_files-2.27.so
7f946bff8000-7f946bff9000 r--p 0000a000 08:02 267755                     /lib/x86_64-linux-gnu/libnss_files-2.27.so
7f946bff9000-7f946bffa000 rw-p 0000b000 08:02 267755                     /lib/x86_64-linux-gnu/libnss_files-2.27.so
7f946bffa000-7f946c000000 rw-p 00000000 00:00 0 
7f946c000000-7f946c725000 rw-p 00000000 00:00 0 
7f946c725000-7f9470000000 ---p 00000000 00:00 0 
7f9470023000-7f94700af000 rw-p 00000000 00:00 0 
7f94700af000-7f94700b0000 ---p 00000000 00:00 0 
7f94700b0000-7f94701b1000 rw-p 00000000 00:00 0 
7f94701b1000-7f94701c8000 r-xp 00000000 08:02 267752                     /lib/x86_64-linux-gnu/libnsl-2.27.so
7f94701c8000-7f94703c7000 ---p 00017000 08:02 267752                     /lib/x86_64-linux-gnu/libnsl-2.27.so
7f94703c7000-7f94703c8000 r--p 00016000 08:02 267752                     /lib/x86_64-linux-gnu/libnsl-2.27.so
7f94703c8000-7f94703c9000 rw-p 00017000 08:02 267752                     /lib/x86_64-linux-gnu/libnsl-2.27.so
7f94703c9000-7f94703cb000 rw-p 00000000 00:00 0 
7f94703cb000-7f94703d6000 r-xp 00000000 08:02 267757                     /lib/x86_64-linux-gnu/libnss_nis-2.27.so
7f94703d6000-7f94705d5000 ---p 0000b000 08:02 267757                     /lib/x86_64-linux-gnu/libnss_nis-2.27.so
7f94705d5000-7f94705d6000 r--p 0000a000 08:02 267757                     /lib/x86_64-linux-gnu/libnss_nis-2.27.so
7f94705d6000-7f94705d7000 rw-p 0000b000 08:02 267757                     /lib/x86_64-linux-gnu/libnss_nis-2.27.so
7f94705d7000-7f94705df000 r-xp 00000000 08:02 267753                     /lib/x86_64-linux-gnu/libnss_compat-2.27.so
7f94705df000-7f94707df000 ---p 00008000 08:02 267753                     /lib/x86_64-linux-gnu/libnss_compat-2.27.so
7f94707df000-7f94707e0000 r--p 00008000 08:02 267753                     /lib/x86_64-linux-gnu/libnss_compat-2.27.so
7f94707e0000-7f94707e1000 rw-p 00009000 08:02 267753                     /lib/x86_64-linux-gnu/libnss_compat-2.27.so
7f94707e1000-7f947080a000 r-xp 00000000 08:02 3934305                    /home/samba/.p2/pool/plugins/org.eclipse.justj.openjdk.hotspot.jre.full.linux.x86_64_11.0.2.v20200815-0835/jre/lib/libjava.so
7f947080a000-7f9470a09000 ---p 00029000 08:02 3934305                    /home/samba/.p2/pool/plugins/org.eclipse.justj.openjdk.hotspot.jre.full.linux.x86_64_11.0.2.v20200815-0835/jre/lib/libjava.so
7f9470a09000-7f9470a0a000 r--p 00028000 08:02 3934305                    /home/samba/.p2/pool/plugins/org.eclipse.justj.openjdk.hotspot.jre.full.linux.x86_64_11.0.2.v20200815-0835/jre/lib/libjava.so
7f9470a0a000-7f9470a0c000 rw-p 00029000 08:02 3934305                    /home/samba/.p2/pool/plugins/org.eclipse.justj.openjdk.hotspot.jre.full.linux.x86_64_11.0.2.v20200815-0835/jre/lib/libjava.so
7f9470a0c000-7f9470a19000 r-xp 00000000 08:02 3934309                    /home/samba/.p2/pool/plugins/org.eclipse.justj.openjdk.hotspot.jre.full.linux.x86_64_11.0.2.v20200815-0835/jre/lib/libverify.so
7f9470a19000-7f9470c18000 ---p 0000d000 08:02 3934309                    /home/samba/.p2/pool/plugins/org.eclipse.justj.openjdk.hotspot.jre.full.linux.x86_64_11.0.2.v20200815-0835/jre/lib/libverify.so
7f9470c18000-7f9470c1a000 r--p 0000c000 08:02 3934309                    /home/samba/.p2/pool/plugins/org.eclipse.justj.openjdk.hotspot.jre.full.linux.x86_64_11.0.2.v20200815-0835/jre/lib/libverify.so
7f9470c1a000-7f9470c1b000 rw-p 0000e000 08:02 3934309                    /home/samba/.p2/pool/plugins/org.eclipse.justj.openjdk.hotspot.jre.full.linux.x86_64_11.0.2.v20200815-0835/jre/lib/libverify.so
7f9470c1b000-7f9470c22000 r-xp 00000000 08:02 267762                     /lib/x86_64-linux-gnu/librt-2.27.so
7f9470c22000-7f9470e21000 ---p 00007000 08:02 267762                     /lib/x86_64-linux-gnu/librt-2.27.so
7f9470e21000-7f9470e22000 r--p 00006000 08:02 267762                     /lib/x86_64-linux-gnu/librt-2.27.so
7f9470e22000-7f9470e23000 rw-p 00007000 08:02 267762                     /lib/x86_64-linux-gnu/librt-2.27.so
7f9470e23000-7f9470fc0000 r-xp 00000000 08:02 267749                     /lib/x86_64-linux-gnu/libm-2.27.so
7f9470fc0000-7f94711bf000 ---p 0019d000 08:02 267749                     /lib/x86_64-linux-gnu/libm-2.27.so
7f94711bf000-7f94711c0000 r--p 0019c000 08:02 267749                     /lib/x86_64-linux-gnu/libm-2.27.so
7f94711c0000-7f94711c1000 rw-p 0019d000 08:02 267749                     /lib/x86_64-linux-gnu/libm-2.27.so
7f94711c1000-7f94722fe000 r-xp 00000000 08:02 3934286                    /home/samba/.p2/pool/plugins/org.eclipse.justj.openjdk.hotspot.jre.full.linux.x86_64_11.0.2.v20200815-0835/jre/lib/server/libjvm.so
7f94722fe000-7f94724fd000 ---p 0113d000 08:02 3934286                    /home/samba/.p2/pool/plugins/org.eclipse.justj.openjdk.hotspot.jre.full.linux.x86_64_11.0.2.v20200815-0835/jre/lib/server/libjvm.so
7f94724fd000-7f94725bc000 r--p 0113c000 08:02 3934286                    /home/samba/.p2/pool/plugins/org.eclipse.justj.openjdk.hotspot.jre.full.linux.x86_64_11.0.2.v20200815-0835/jre/lib/server/libjvm.so
7f94725bc000-7f94725f5000 rw-p 011fb000 08:02 3934286                    /home/samba/.p2/pool/plugins/org.eclipse.justj.openjdk.hotspot.jre.full.linux.x86_64_11.0.2.v20200815-0835/jre/lib/server/libjvm.so
7f94725f5000-7f947264b000 rw-p 00000000 00:00 0 
7f947264b000-7f9472832000 r-xp 00000000 08:02 267745                     /lib/x86_64-linux-gnu/libc-2.27.so
7f9472832000-7f9472a32000 ---p 001e7000 08:02 267745                     /lib/x86_64-linux-gnu/libc-2.27.so
7f9472a32000-7f9472a36000 r--p 001e7000 08:02 267745                     /lib/x86_64-linux-gnu/libc-2.27.so
7f9472a36000-7f9472a38000 rw-p 001eb000 08:02 267745                     /lib/x86_64-linux-gnu/libc-2.27.so
7f9472a38000-7f9472a3c000 rw-p 00000000 00:00 0 
7f9472a3c000-7f9472a3f000 r-xp 00000000 08:02 267748                     /lib/x86_64-linux-gnu/libdl-2.27.so
7f9472a3f000-7f9472c3e000 ---p 00003000 08:02 267748                     /lib/x86_64-linux-gnu/libdl-2.27.so
7f9472c3e000-7f9472c3f000 r--p 00002000 08:02 267748                     /lib/x86_64-linux-gnu/libdl-2.27.so
7f9472c3f000-7f9472c40000 rw-p 00003000 08:02 267748                     /lib/x86_64-linux-gnu/libdl-2.27.so
7f9472c40000-7f9472c50000 r-xp 00000000 08:02 3934282                    /home/samba/.p2/pool/plugins/org.eclipse.justj.openjdk.hotspot.jre.full.linux.x86_64_11.0.2.v20200815-0835/jre/lib/jli/libjli.so
7f9472c50000-7f9472e4f000 ---p 00010000 08:02 3934282                    /home/samba/.p2/pool/plugins/org.eclipse.justj.openjdk.hotspot.jre.full.linux.x86_64_11.0.2.v20200815-0835/jre/lib/jli/libjli.so
7f9472e4f000-7f9472e50000 r--p 0000f000 08:02 3934282                    /home/samba/.p2/pool/plugins/org.eclipse.justj.openjdk.hotspot.jre.full.linux.x86_64_11.0.2.v20200815-0835/jre/lib/jli/libjli.so
7f9472e50000-7f9472e51000 rw-p 00010000 08:02 3934282                    /home/samba/.p2/pool/plugins/org.eclipse.justj.openjdk.hotspot.jre.full.linux.x86_64_11.0.2.v20200815-0835/jre/lib/jli/libjli.so
7f9472e51000-7f9472e6b000 r-xp 00000000 08:02 267760                     /lib/x86_64-linux-gnu/libpthread-2.27.so
7f9472e6b000-7f947306a000 ---p 0001a000 08:02 267760                     /lib/x86_64-linux-gnu/libpthread-2.27.so
7f947306a000-7f947306b000 r--p 00019000 08:02 267760                     /lib/x86_64-linux-gnu/libpthread-2.27.so
7f947306b000-7f947306c000 rw-p 0001a000 08:02 267760                     /lib/x86_64-linux-gnu/libpthread-2.27.so
7f947306c000-7f9473070000 rw-p 00000000 00:00 0 
7f9473070000-7f947308c000 r-xp 00000000 08:02 267008                     /lib/x86_64-linux-gnu/libz.so.1.2.11
7f947308c000-7f947328b000 ---p 0001c000 08:02 267008                     /lib/x86_64-linux-gnu/libz.so.1.2.11
7f947328b000-7f947328c000 r--p 0001b000 08:02 267008                     /lib/x86_64-linux-gnu/libz.so.1.2.11
7f947328c000-7f947328d000 rw-p 0001c000 08:02 267008                     /lib/x86_64-linux-gnu/libz.so.1.2.11
7f947328d000-7f94732b6000 r-xp 00000000 08:02 262160                     /lib/x86_64-linux-gnu/ld-2.27.so
7f94732e1000-7f9473392000 rw-p 00000000 00:00 0 
7f9473392000-7f947339b000 ---p 00000000 00:00 0 
7f947339b000-7f947339f000 ---p 00000000 00:00 0 
7f947339f000-7f947349e000 rw-p 00000000 00:00 0 
7f94734aa000-7f94734b2000 rw-s 00000000 08:02 28837719                   /tmp/hsperfdata_samba/7186
7f94734b2000-7f94734b3000 ---p 00000000 00:00 0 
7f94734b3000-7f94734b4000 r--p 00000000 00:00 0 
7f94734b4000-7f94734b6000 rw-p 00000000 00:00 0 
7f94734b6000-7f94734b7000 r--p 00029000 08:02 262160                     /lib/x86_64-linux-gnu/ld-2.27.so
7f94734b7000-7f94734b8000 rw-p 0002a000 08:02 262160                     /lib/x86_64-linux-gnu/ld-2.27.so
7f94734b8000-7f94734b9000 rw-p 00000000 00:00 0 
7fffa7621000-7fffa7643000 rw-p 00000000 00:00 0                          [stack]
7fffa7720000-7fffa7723000 r--p 00000000 00:00 0                          [vvar]
7fffa7723000-7fffa7725000 r-xp 00000000 00:00 0                          [vdso]
ffffffffff600000-ffffffffff601000 r-xp 00000000 00:00 0                  [vsyscall]


VM Arguments:
jvm_args: -Dcom.sun.management.jmxremote -Dcom.sun.management.jmxremote.port=41381 -Dcom.sun.management.jmxremote.authenticate=false -Dcom.sun.management.jmxremote.ssl=false -Djava.rmi.server.hostname=localhost -Dspring.jmx.enabled=true -Dspring.application.admin.enabled=true -Djava.security.egd=file:/dev/./urandom -XX:TieredStopAtLevel=1 -Dspring.boot.project.name=FingerTech -Dfile.encoding=UTF-8 
java_command: br.gov.ma.tce.FingerTechApplication
java_class_path (initial): /home/samba/eclipse-workspace/FingerTech/target/classes:/home/samba/Msica/FingertechWebJava-master/depedncias/AbsoluteLayout.jar:/home/samba/Msica/FingertechWebJava-master/depedncias/Ft_enroll.jar:/home/samba/eNBioBSP_SDK_JAVA_v1.0.0.15/Lib/NBioBSPJNI.jar:/home/samba/Msica/FingertechWebJava-master/depedncias/NBioBSPJNI.jar:/home/samba/eNBioBSP_SDK_JAVA_v1.0.0.15/Lib/swing-layout-1.0.3.jar:/home/samba/.m2/repository/org/springframework/boot/spring-boot-starter-thymeleaf/2.6.3/spring-boot-starter-thymeleaf-2.6.3.jar:/home/samba/.m2/repository/org/springframework/boot/spring-boot-starter/2.6.3/spring-boot-starter-2.6.3.jar:/home/samba/.m2/repository/org/springframework/boot/spring-boot-starter-logging/2.6.3/spring-boot-starter-logging-2.6.3.jar:/home/samba/.m2/repository/ch/qos/logback/logback-classic/1.2.10/logback-classic-1.2.10.jar:/home/samba/.m2/repository/ch/qos/logback/logback-core/1.2.10/logback-core-1.2.10.jar:/home/samba/.m2/repository/org/apache/logging/log4j/log4j-to-slf4j/2.17.1/log4j-to-slf4j-2.17.1.jar:/home/samba/.m2/repository/org/apache/logging/log4j/log4j-api/2.17.1/log4j-api-2.17.1.jar:/home/samba/.m2/repository/org/slf4j/jul-to-slf4j/1.7.33/jul-to-slf4j-1.7.33.jar:/home/samba/.m2/repository/jakarta/annotation/jakarta.annotation-api/1.3.5/jakarta.annotation-api-1.3.5.jar:/home/samba/.m2/repository/org/yaml/snakeyaml/1.29/snakeyaml-1.29.jar:/home/samba/.m2/repository/org/thymeleaf/thymeleaf-spring5/3.0.14.RELEASE/thymeleaf-spring5-3.0.14.RELEASE.jar:/home/samba/.m2/repository/org/thymeleaf/thymeleaf/3.0.14.RELEASE/thymeleaf-3.0.14.RELEASE.jar:/home/samba/.m2/repository/org/attoparser/attoparser/2.0.5.RELEASE/attoparser-2.0.5.RELEASE.jar:/home/samba/.m2/repository/org/unbescape/unbescape/1.1.6.RELEASE/unbescape-1.1.6.RELEASE.jar:/home/samba/.m2/repository/org/slf4j/slf4j-api/1.7.33/slf4j-api-1.7.33.jar:/home/samba/.m2/repository/org/thymeleaf/extras/thymeleaf-extras-java8time/3.0.4.RELEASE/thymeleaf-extras-java
Launcher Type: SUN_STANDARD

[Global flags]
     intx CICompilerCount                          = 3                                         {product} {ergonomic}
     uint ConcGCThreads                            = 1                                         {product} {ergonomic}
     uint G1ConcRefinementThreads                  = 4                                         {product} {ergonomic}
   size_t G1HeapRegionSize                         = 1048576                                   {product} {ergonomic}
    uintx GCDrainStackTargetSize                   = 64                                        {product} {ergonomic}
   size_t InitialHeapSize                          = 130023424                                 {product} {ergonomic}
     bool ManagementServer                         = true                                      {product} {command line}
   size_t MarkStackSize                            = 4194304                                   {product} {ergonomic}
   size_t MaxHeapSize                              = 2063597568                                {product} {ergonomic}
   size_t MaxNewSize                               = 1237319680                                {product} {ergonomic}
   size_t MinHeapDeltaBytes                        = 1048576                                   {product} {ergonomic}
    uintx NonNMethodCodeHeapSize                   = 6973028                                {pd product} {ergonomic}
    uintx NonProfiledCodeHeapSize                  = 244685212                              {pd product} {ergonomic}
    uintx ProfiledCodeHeapSize                     = 0                                      {pd product} {ergonomic}
    uintx ReservedCodeCacheSize                    = 251658240                              {pd product} {ergonomic}
     bool SegmentedCodeCache                       = true                                      {product} {ergonomic}
     intx TieredStopAtLevel                        = 1                                         {product} {command line}
     bool UseCompressedClassPointers               = true                                 {lp64_product} {ergonomic}
     bool UseCompressedOops                        = true                                 {lp64_product} {ergonomic}
     bool UseG1GC                                  = true                                      {product} {ergonomic}

Logging:
Log output configuration:
 #0: stdout all=warning uptime,level,tags
 #1: stderr all=off uptime,level,tags

Environment Variables:
PATH=/usr/local/sbin:/usr/local/bin:/usr/sbin:/usr/bin:/sbin:/bin:/usr/games:/usr/local/games
SHELL=/bin/bash
DISPLAY=:0

Signal Handlers:
SIGSEGV: [libjvm.so+0xe28d40], sa_mask[0]=11111111011111111101111111111110, sa_flags=SA_RESTART|SA_SIGINFO
SIGBUS: [libjvm.so+0xe28d40], sa_mask[0]=11111111011111111101111111111110, sa_flags=SA_RESTART|SA_SIGINFO
SIGFPE: [libjvm.so+0xe28d40], sa_mask[0]=11111111011111111101111111111110, sa_flags=SA_RESTART|SA_SIGINFO
SIGPIPE: [libjvm.so+0xbfd500], sa_mask[0]=11111111011111111101111111111110, sa_flags=SA_RESTART|SA_SIGINFO
SIGXFSZ: [libjvm.so+0xbfd500], sa_mask[0]=11111111011111111101111111111110, sa_flags=SA_RESTART|SA_SIGINFO
SIGILL: [libjvm.so+0xe28d40], sa_mask[0]=11111111011111111101111111111110, sa_flags=SA_RESTART|SA_SIGINFO
SIGUSR2: [libjvm.so+0xbfd3a0], sa_mask[0]=00100000000000000000000000000000, sa_flags=SA_RESTART|SA_SIGINFO
SIGHUP: [libjvm.so+0xbfd700], sa_mask[0]=11111111011111111101111111111110, sa_flags=SA_RESTART|SA_SIGINFO
SIGINT: [libjvm.so+0xbfd700], sa_mask[0]=11111111011111111101111111111110, sa_flags=SA_RESTART|SA_SIGINFO
SIGTERM: [libjvm.so+0xbfd700], sa_mask[0]=11111111011111111101111111111110, sa_flags=SA_RESTART|SA_SIGINFO
SIGQUIT: [libjvm.so+0xbfd700], sa_mask[0]=11111111011111111101111111111110, sa_flags=SA_RESTART|SA_SIGINFO


---------------  S Y S T E M  ---------------

OS:DISTRIB_ID=LinuxMint
DISTRIB_RELEASE=19.1
DISTRIB_CODENAME=tessa
DISTRIB_DESCRIPTION="Linux Mint 19.1 Tessa"
uname:Linux 4.15.0-20-generic #21-Ubuntu SMP Tue Apr 24 06:16:15 UTC 2018 x86_64
libc:glibc 2.27 NPTL 2.27 
rlimit: STACK 8192k, CORE 0k, NPROC 30978, NOFILE 1048576, AS infinity, DATA infinity, FSIZE infinity
load average:2,45 2,57 2,50

/proc/meminfo:
MemTotal:        8059452 kB
MemFree:          900916 kB
MemAvailable:    3245964 kB
Buffers:          535712 kB
Cached:          1935260 kB
SwapCached:          132 kB
Active:          5298692 kB
Inactive:        1009476 kB
Active(anon):    3789964 kB
Inactive(anon):   496896 kB
Active(file):    1508728 kB
Inactive(file):   512580 kB
Unevictable:          96 kB
Mlocked:              96 kB
SwapTotal:       2097148 kB
SwapFree:        2096880 kB
Dirty:               444 kB
Writeback:             0 kB
AnonPages:       3837020 kB
Mapped:           737524 kB
Shmem:            449748 kB
Slab:             696828 kB
SReclaimable:     627544 kB
SUnreclaim:        69284 kB
KernelStack:       16416 kB
PageTables:        80024 kB
NFS_Unstable:          0 kB
Bounce:                0 kB
WritebackTmp:          0 kB
CommitLimit:     6126872 kB
Committed_AS:   12922536 kB
VmallocTotal:   34359738367 kB
VmallocUsed:           0 kB
VmallocChunk:          0 kB
HardwareCorrupted:     0 kB
AnonHugePages:         0 kB
ShmemHugePages:        0 kB
ShmemPmdMapped:        0 kB
CmaTotal:              0 kB
CmaFree:               0 kB
HugePages_Total:       0
HugePages_Free:        0
HugePages_Rsvd:        0
HugePages_Surp:        0
Hugepagesize:       2048 kB
DirectMap4k:      294504 kB
DirectMap2M:     7987200 kB
DirectMap1G:           0 kB


/proc/sys/kernel/threads-max (system-wide limit on the number of threads):
61957


/proc/sys/vm/max_map_count (maximum number of memory map areas a process may have):
65530


/proc/sys/kernel/pid_max (system-wide limit on number of process identifiers):
32768



container (cgroup) information:
container_type: cgroupv1
cpu_cpuset_cpus: 0-3
cpu_memory_nodes: 0
active_processor_count: 4
cpu_quota: -1
cpu_period: 100000
cpu_shares: -1
memory_limit_in_bytes: -1
memory_and_swap_limit_in_bytes: -2
memory_soft_limit_in_bytes: -1
memory_usage_in_bytes: 6459895808
memory_max_usage_in_bytes: 0


CPU:total 4 (initial active 4) (4 cores per cpu, 1 threads per core) family 6 model 158 stepping 9, cmov, cx8, fxsr, mmx, sse, sse2, sse3, ssse3, sse4.1, sse4.2, popcnt, avx, avx2, aes, clmul, erms, rtm, 3dnowpref, lzcnt, tsc, tscinvbit, bmi1, bmi2, adx, fma
CPU Model and flags from /proc/cpuinfo:
model name	: Intel(R) Core(TM) i5-7500 CPU @ 3.40GHz
flags		: fpu vme de pse tsc msr pae mce cx8 apic sep mtrr pge mca cmov pat pse36 clflush dts acpi mmx fxsr sse sse2 ss ht tm pbe syscall nx pdpe1gb rdtscp lm constant_tsc art arch_perfmon pebs bts rep_good nopl xtopology nonstop_tsc cpuid aperfmperf tsc_known_freq pni pclmulqdq dtes64 monitor ds_cpl vmx smx est tm2 ssse3 sdbg fma cx16 xtpr pdcm pcid sse4_1 sse4_2 x2apic movbe popcnt tsc_deadline_timer aes xsave avx f16c rdrand lahf_lm abm 3dnowprefetch cpuid_fault epb invpcid_single pti tpr_shadow vnmi flexpriority ept vpid fsgsbase tsc_adjust bmi1 hle avx2 smep bmi2 erms invpcid rtm mpx rdseed adx smap clflushopt intel_pt xsaveopt xsavec xgetbv1 xsaves dtherm ida arat pln pts hwp hwp_notify hwp_act_window hwp_epp

Memory: 4k page, physical 8059452k(900916k free), swap 2097148k(2096880k free)

vm_info: OpenJDK 64-Bit Server VM (11.0.2+9) for linux-amd64 JRE (11.0.2+9), built on Jan 17 2019 21:18:23 by "mach5one" with gcc 7.3.0

END.
